<?xml version="1.0" encoding="UTF-8"?>
<testsuite name="com.codility.min.absolute.SolutionTest" tests="3" skipped="0" failures="0" errors="0" timestamp="2014-08-29T00:09:31" hostname="MacBook-Pro-de-Diego-2.local" time="0.067">
  <properties/>
  <testcase name="shouldGetResult" classname="com.codility.min.absolute.SolutionTest" time="0.048"/>
  <testcase name="shouldPassWithWorstCase" classname="com.codility.min.absolute.SolutionTest" time="0.016"/>
  <testcase name="shouldPassWithOneResult" classname="com.codility.min.absolute.SolutionTest" time="0.0"/>
  <system-out><![CDATA[2
1
2
]]></system-out>
  <system-err><![CDATA[]]></system-err>
</testsuite>
